<?xml version="1.0" encoding="UTF-8"?>
<testsuites name="Amazon_TestSuite_checkout" time="53.233" tests="1" failures="0" errors="0">
   <testsuite name="Amazon_TestSuite_checkout" tests="1" failures="0" errors="0" time="53.233" skipped="0" timestamp="2024-02-10 14:52:06" hostname="Akash Ghosh - 10.1.161.136" id="Test Suites/Amazon_TestSuite_checkout/Amazon_TestSuite_checkout">
      <properties>
         <property name="deviceName" value=""/>
         <property name="devicePlatform" value=""/>
         <property name="logFolder" value="C:\\Users\\Akash Ghosh\\git\\katlon\\Reports\\20240210_145154\\Amazon_TestSuite_checkout\\Amazon_TestSuite_checkout\\20240210_145205"/>
         <property name="logFiles" value="C:\\Users\\Akash Ghosh\\git\\katlon\\Reports\\20240210_145154\\Amazon_TestSuite_checkout\\Amazon_TestSuite_checkout\\20240210_145205\\execution0.log"/>
         <property name="attachments" value=""/>
         <property name="hostName" value="Akash Ghosh - 10.1.161.136"/>
         <property name="os" value="Windows 10 64bit"/>
         <property name="katalonVersion" value="8.6.8.208"/>
         <property name="browser" value="Chrome 121.0.0.0"/>
         <property name="hostAddress" value="10.1.161.136"/>
         <property name="sessionId" value="37b56cdb6334edea2da63a820e5eb64b"/>
         <property name="seleniumVersion" value="3.141.59"/>
         <property name="proxyInformation" value="ProxyInformation { proxyOption=NO_PROXY, proxyServerType=HTTP, username=, password=********, proxyServerAddress=, proxyServerPort=0, executionList=&quot;&quot;, isApplyToDesiredCapabilities=true }"/>
         <property name="platform" value="Windows 10"/>
      </properties>
      <testcase name="Test Cases/Amazon/TC_checkout" time="53.06" classname="Test Cases/Amazon/TC_checkout" status="PASSED">
         <system-out><![CDATA[2024-02-10 14:52:07 - [TEST_CASE][PASSED] - Test Cases/Amazon/TC_checkout: Test Cases/Amazon/TC_checkout

2024-02-10 14:52:07 - [TEST_STEP][PASSED] - Start listener action : sampleBeforeTestCase: Navigate to 'https://www.amazon.in/' successfully

2024-02-10 14:52:07 - [TEST_STEP][PASSED] - openBrowser(""): Browser is opened with url: ''

2024-02-10 14:52:07 - [MESSAGE][INFO] - Starting 'Chrome' driver

2024-02-10 14:52:07 - [MESSAGE][INFO] - Action delay is set to 0 milliseconds

2024-02-10 14:52:09 - [MESSAGE][PASSED] - Browser is opened with url: ''

2024-02-10 14:52:09 - [TEST_STEP][PASSED] - navigateToUrl("https://www.amazon.in/"): Navigate to 'https://www.amazon.in/' successfully

2024-02-10 14:52:10 - [MESSAGE][PASSED] - Navigate to 'https://www.amazon.in/' successfully

2024-02-10 14:52:10 - [TEST_STEP][PASSED] - Start listener action : sampleBeforeTestCase: Navigate to 'https://www.amazon.in/' successfully

2024-02-10 14:52:10 - [TEST_STEP][PASSED] - openBrowser(""): Browser is opened with url: ''

2024-02-10 14:52:10 - [MESSAGE][WARNING] - A browser is already opened. Closing browser and opening a new one

2024-02-10 14:52:11 - [MESSAGE][INFO] - Starting 'Chrome' driver

2024-02-10 14:52:11 - [MESSAGE][INFO] - Action delay is set to 0 milliseconds

2024-02-10 14:52:12 - [MESSAGE][PASSED] - Browser is opened with url: ''

2024-02-10 14:52:12 - [TEST_STEP][PASSED] - navigateToUrl("https://www.amazon.in/"): Navigate to 'https://www.amazon.in/' successfully

2024-02-10 14:52:14 - [MESSAGE][PASSED] - Navigate to 'https://www.amazon.in/' successfully

2024-02-10 14:52:15 - [TEST_STEP][PASSED] - openBrowser(""): Browser is opened with url: ''

2024-02-10 14:52:15 - [MESSAGE][WARNING] - A browser is already opened. Closing browser and opening a new one

2024-02-10 14:52:15 - [MESSAGE][INFO] - Starting 'Chrome' driver

2024-02-10 14:52:15 - [MESSAGE][INFO] - Action delay is set to 0 milliseconds

2024-02-10 14:52:16 - [MESSAGE][PASSED] - Browser is opened with url: ''

2024-02-10 14:52:16 - [TEST_STEP][PASSED] - navigateToUrl("https://www.amazon.in/"): Navigate to 'https://www.amazon.in/' successfully

2024-02-10 14:52:19 - [MESSAGE][PASSED] - Navigate to 'https://www.amazon.in/' successfully

2024-02-10 14:52:19 - [TEST_STEP][PASSED] - click(findTestObject("Object Repository/Amazon_checkout_OR1/Page_Online Shopping site in India Shop Onl_10c5f3/span_Hello, sign in")): Object: 'Object Repository/Amazon_checkout_OR1/Page_Online Shopping site in India Shop Onl_10c5f3/span_Hello, sign in' is clicked on

2024-02-10 14:52:32 - [MESSAGE][PASSED] - Object: 'Object Repository/Amazon_checkout_OR1/Page_Online Shopping site in India Shop Onl_10c5f3/span_Hello, sign in' is clicked on

2024-02-10 14:52:32 - [TEST_STEP][PASSED] - setText(findTestObject("Object Repository/Amazon_checkout_OR1/Page_Amazon Sign In/input_Email or mobile phone number_email"), username): Text '9775827093' is set on object 'Object Repository/Amazon_checkout_OR1/Page_Amazon Sign In/input_Email or mobile phone number_email'

2024-02-10 14:52:33 - [MESSAGE][PASSED] - Text '9775827093' is set on object 'Object Repository/Amazon_checkout_OR1/Page_Amazon Sign In/input_Email or mobile phone number_email'

2024-02-10 14:52:33 - [TEST_STEP][PASSED] - click(findTestObject("Object Repository/Amazon_checkout_OR1/Page_Amazon Sign In/input_Enter your email or mobile phone numb_fc7402")): Object: 'Object Repository/Amazon_checkout_OR1/Page_Amazon Sign In/input_Enter your email or mobile phone numb_fc7402' is clicked on

2024-02-10 14:52:44 - [MESSAGE][PASSED] - Object: 'Object Repository/Amazon_checkout_OR1/Page_Amazon Sign In/input_Enter your email or mobile phone numb_fc7402' is clicked on

2024-02-10 14:52:44 - [TEST_STEP][PASSED] - setEncryptedText(findTestObject("Object Repository/Amazon_checkout_OR1/Page_Amazon Sign In/input_Forgot Password_password"), "jKhJCufa6utDUfafCRSIiw=="): Text ****** has been set on object 'Object Repository/Amazon_checkout_OR1/Page_Amazon Sign In/input_Forgot Password_password'

2024-02-10 14:52:44 - [MESSAGE][PASSED] - Text ****** has been set on object 'Object Repository/Amazon_checkout_OR1/Page_Amazon Sign In/input_Forgot Password_password'

2024-02-10 14:52:44 - [TEST_STEP][PASSED] - click(findTestObject("Object Repository/Amazon_checkout_OR1/Page_Amazon Sign In/input_Enter your password_signInSubmit")): Object: 'Object Repository/Amazon_checkout_OR1/Page_Amazon Sign In/input_Enter your password_signInSubmit' is clicked on

2024-02-10 14:52:44 - [MESSAGE][PASSED] - Object: 'Object Repository/Amazon_checkout_OR1/Page_Amazon Sign In/input_Enter your password_signInSubmit' is clicked on

2024-02-10 14:52:44 - [TEST_STEP][PASSED] - click(findTestObject("Object Repository/Amazon_checkout_OR1/Page_Online Shopping site in India Shop Onl_10c5f3/a_9                                        _5a3c93")): Object: 'Object Repository/Amazon_checkout_OR1/Page_Online Shopping site in India Shop Onl_10c5f3/a_9                                        _5a3c93' is clicked on

2024-02-10 14:52:52 - [MESSAGE][PASSED] - Object: 'Object Repository/Amazon_checkout_OR1/Page_Online Shopping site in India Shop Onl_10c5f3/a_9                                        _5a3c93' is clicked on

2024-02-10 14:52:52 - [TEST_STEP][PASSED] - click(findTestObject("Object Repository/Amazon_checkout_OR1/Page_Amazon.in Shopping Cart/input_This order contains a gift_proceedToR_057b5e")): Object: 'Object Repository/Amazon_checkout_OR1/Page_Amazon.in Shopping Cart/input_This order contains a gift_proceedToR_057b5e' is clicked on

2024-02-10 14:52:53 - [MESSAGE][PASSED] - Object: 'Object Repository/Amazon_checkout_OR1/Page_Amazon.in Shopping Cart/input_This order contains a gift_proceedToR_057b5e' is clicked on

2024-02-10 14:52:53 - [TEST_STEP][PASSED] - click(findTestObject("Object Repository/Amazon_checkout_OR1/Page_Select a delivery address/input_Amazon.in homepage_a-button-input")): Object: 'Object Repository/Amazon_checkout_OR1/Page_Select a delivery address/input_Amazon.in homepage_a-button-input' is clicked on

2024-02-10 14:52:59 - [MESSAGE][PASSED] - Object: 'Object Repository/Amazon_checkout_OR1/Page_Select a delivery address/input_Amazon.in homepage_a-button-input' is clicked on

2024-02-10 14:52:59 - [TEST_STEP][PASSED] - closeBrowser(): Browser is closed

2024-02-10 14:53:00 - [MESSAGE][PASSED] - Browser is closed

2024-02-10 14:53:00 - [TEST_STEP][PASSED] - Start listener action : sampleAfterTestCase: Browser is closed

2024-02-10 14:53:00 - [TEST_STEP][PASSED] - closeBrowser(): Browser is closed

2024-02-10 14:53:00 - [MESSAGE][PASSED] - Browser is closed

2024-02-10 14:53:00 - [TEST_STEP][PASSED] - Start listener action : sampleAfterTestCase: Browser is closed

2024-02-10 14:53:00 - [TEST_STEP][PASSED] - closeBrowser(): Browser is closed

2024-02-10 14:53:00 - [MESSAGE][PASSED] - Browser is closed]]></system-out>
         <system-err><![CDATA[]]></system-err>
      </testcase>
      <system-out><![CDATA[2024-02-10 14:52:06 - [TEST_SUITE][PASSED] - Amazon_TestSuite_checkout: Test Cases/Amazon/TC_checkout]]></system-out>
      <system-err><![CDATA[]]></system-err>
   </testsuite>
</testsuites>
