<?xml version="1.0" encoding="UTF-8"?>
<testsuites name="Amazon_TestSuite_Login" time="25.023" tests="1" failures="0" errors="0">
   <testsuite name="Amazon_TestSuite_Login" tests="1" failures="0" errors="0" time="25.023" skipped="0" timestamp="2024-02-10 14:14:16" hostname="Akash Ghosh - 10.1.161.136" id="Test Suites/Amazon_TestSuite_Login/Amazon_TestSuite_Login">
      <properties>
         <property name="deviceName" value=""/>
         <property name="devicePlatform" value=""/>
         <property name="logFolder" value="C:\\Users\\Akash Ghosh\\git\\katlon\\Reports\\20240210_141403\\Amazon_TestSuite_Login\\Amazon_TestSuite_Login\\20240210_141412"/>
         <property name="logFiles" value="C:\\Users\\Akash Ghosh\\git\\katlon\\Reports\\20240210_141403\\Amazon_TestSuite_Login\\Amazon_TestSuite_Login\\20240210_141412\\execution0.log"/>
         <property name="attachments" value=""/>
         <property name="hostName" value="Akash Ghosh - 10.1.161.136"/>
         <property name="os" value="Windows 10 64bit"/>
         <property name="katalonVersion" value="8.6.8.208"/>
         <property name="browser" value="Chrome 121.0.0.0"/>
         <property name="hostAddress" value="10.1.161.136"/>
         <property name="sessionId" value="5bf3dd0e8e14ad2369fc5bde96b2bd76"/>
         <property name="seleniumVersion" value="3.141.59"/>
         <property name="proxyInformation" value="ProxyInformation { proxyOption=NO_PROXY, proxyServerType=HTTP, username=, password=********, proxyServerAddress=, proxyServerPort=0, executionList=&quot;&quot;, isApplyToDesiredCapabilities=true }"/>
         <property name="platform" value="Windows 10"/>
      </properties>
      <testcase name="Test Cases/Amazon/TC_Amazon_Login" time="24.711" classname="Test Cases/Amazon/TC_Amazon_Login" status="PASSED">
         <system-out><![CDATA[2024-02-10 14:14:16 - [TEST_CASE][PASSED] - Test Cases/Amazon/TC_Amazon_Login: Test Cases/Amazon/TC_Amazon_Login

2024-02-10 14:14:16 - [TEST_STEP][PASSED] - Start listener action : sampleBeforeTestCase: Navigate to 'https://www.amazon.in/' successfully

2024-02-10 14:14:16 - [TEST_STEP][PASSED] - openBrowser(""): Browser is opened with url: ''

2024-02-10 14:14:16 - [MESSAGE][INFO] - Starting 'Chrome' driver

2024-02-10 14:14:16 - [MESSAGE][INFO] - Action delay is set to 0 milliseconds

2024-02-10 14:14:25 - [MESSAGE][PASSED] - Browser is opened with url: ''

2024-02-10 14:14:25 - [TEST_STEP][PASSED] - navigateToUrl("https://www.amazon.in/"): Navigate to 'https://www.amazon.in/' successfully

2024-02-10 14:14:27 - [MESSAGE][PASSED] - Navigate to 'https://www.amazon.in/' successfully

2024-02-10 14:14:27 - [TEST_STEP][PASSED] - Start listener action : sampleBeforeTestCase: Navigate to 'https://www.amazon.in/' successfully

2024-02-10 14:14:27 - [TEST_STEP][PASSED] - openBrowser(""): Browser is opened with url: ''

2024-02-10 14:14:27 - [MESSAGE][WARNING] - A browser is already opened. Closing browser and opening a new one

2024-02-10 14:14:27 - [MESSAGE][INFO] - Starting 'Chrome' driver

2024-02-10 14:14:27 - [MESSAGE][INFO] - Action delay is set to 0 milliseconds

2024-02-10 14:14:28 - [MESSAGE][PASSED] - Browser is opened with url: ''

2024-02-10 14:14:28 - [TEST_STEP][PASSED] - navigateToUrl("https://www.amazon.in/"): Navigate to 'https://www.amazon.in/' successfully

2024-02-10 14:14:30 - [MESSAGE][PASSED] - Navigate to 'https://www.amazon.in/' successfully

2024-02-10 14:14:30 - [TEST_STEP][PASSED] - openBrowser(""): Browser is opened with url: ''

2024-02-10 14:14:30 - [MESSAGE][WARNING] - A browser is already opened. Closing browser and opening a new one

2024-02-10 14:14:31 - [MESSAGE][INFO] - Starting 'Chrome' driver

2024-02-10 14:14:31 - [MESSAGE][INFO] - Action delay is set to 0 milliseconds

2024-02-10 14:14:32 - [MESSAGE][PASSED] - Browser is opened with url: ''

2024-02-10 14:14:32 - [TEST_STEP][PASSED] - navigateToUrl("https://www.amazon.in/"): Navigate to 'https://www.amazon.in/' successfully

2024-02-10 14:14:33 - [MESSAGE][PASSED] - Navigate to 'https://www.amazon.in/' successfully

2024-02-10 14:14:33 - [TEST_STEP][PASSED] - click(findTestObject("Object Repository/Amazon_OR/Page_Online Shopping site in India Shop Onl_10c5f3/span_Hello, sign in")): Object: 'Object Repository/Amazon_OR/Page_Online Shopping site in India Shop Onl_10c5f3/span_Hello, sign in' is clicked on

2024-02-10 14:14:35 - [MESSAGE][PASSED] - Object: 'Object Repository/Amazon_OR/Page_Online Shopping site in India Shop Onl_10c5f3/span_Hello, sign in' is clicked on

2024-02-10 14:14:35 - [TEST_STEP][PASSED] - setText(findTestObject("Object Repository/Amazon_OR/Page_Amazon Sign In/input_Email or mobile phone number_email"), username): Text '9775827093' is set on object 'Object Repository/Amazon_OR/Page_Amazon Sign In/input_Email or mobile phone number_email'

2024-02-10 14:14:37 - [MESSAGE][PASSED] - Text '9775827093' is set on object 'Object Repository/Amazon_OR/Page_Amazon Sign In/input_Email or mobile phone number_email'

2024-02-10 14:14:37 - [TEST_STEP][PASSED] - click(findTestObject("Object Repository/Amazon_OR/Page_Amazon Sign In/input_Enter your email or mobile phone numb_fc7402")): Object: 'Object Repository/Amazon_OR/Page_Amazon Sign In/input_Enter your email or mobile phone numb_fc7402' is clicked on

2024-02-10 14:14:38 - [MESSAGE][PASSED] - Object: 'Object Repository/Amazon_OR/Page_Amazon Sign In/input_Enter your email or mobile phone numb_fc7402' is clicked on

2024-02-10 14:14:38 - [TEST_STEP][PASSED] - setText(findTestObject("Amazon_Button_OR/Page_Amazon Sign In/input_Forgot Password_password"), password): Text 'akash@1906' is set on object 'Object Repository/Amazon_Button_OR/Page_Amazon Sign In/input_Forgot Password_password'

2024-02-10 14:14:39 - [MESSAGE][PASSED] - Text 'akash@1906' is set on object 'Object Repository/Amazon_Button_OR/Page_Amazon Sign In/input_Forgot Password_password'

2024-02-10 14:14:39 - [TEST_STEP][PASSED] - click(findTestObject("Amazon_Button_OR/Page_Amazon Sign In/input_Enter your password_signInSubmit")): Object: 'Object Repository/Amazon_Button_OR/Page_Amazon Sign In/input_Enter your password_signInSubmit' is clicked on

2024-02-10 14:14:40 - [MESSAGE][PASSED] - Object: 'Object Repository/Amazon_Button_OR/Page_Amazon Sign In/input_Enter your password_signInSubmit' is clicked on

2024-02-10 14:14:40 - [TEST_STEP][PASSED] - verifyCheckpoint(findCheckpoint("Checkpoints/Amazon_Login/Amazon_Login"), false): Checkpoint data and Source data are matched

2024-02-10 14:14:40 - [MESSAGE][PASSED] - Checkpoint data and Source data are matched

2024-02-10 14:14:40 - [TEST_STEP][PASSED] - closeBrowser(): Browser is closed

2024-02-10 14:14:41 - [MESSAGE][PASSED] - Browser is closed

2024-02-10 14:14:41 - [TEST_STEP][PASSED] - Start listener action : sampleAfterTestCase: Browser is closed

2024-02-10 14:14:41 - [TEST_STEP][PASSED] - closeBrowser(): Browser is closed

2024-02-10 14:14:41 - [MESSAGE][PASSED] - Browser is closed

2024-02-10 14:14:41 - [TEST_STEP][PASSED] - Start listener action : sampleAfterTestCase: Browser is closed

2024-02-10 14:14:41 - [TEST_STEP][PASSED] - closeBrowser(): Browser is closed

2024-02-10 14:14:41 - [MESSAGE][PASSED] - Browser is closed]]></system-out>
         <system-err><![CDATA[]]></system-err>
      </testcase>
      <system-out><![CDATA[2024-02-10 14:14:16 - [TEST_SUITE][PASSED] - Amazon_TestSuite_Login: Test Cases/Amazon/TC_Amazon_Login]]></system-out>
      <system-err><![CDATA[]]></system-err>
   </testsuite>
</testsuites>
