<?xml version="1.0" encoding="UTF-8"?>
<testsuites name="Amazon_TestSuite_cart" time="25.129" tests="1" failures="0" errors="0">
   <testsuite name="Amazon_TestSuite_cart" tests="1" failures="0" errors="0" time="25.129" skipped="0" timestamp="2024-02-10 14:48:48" hostname="Akash Ghosh - 10.1.161.136" id="Test Suites/Amazon_TestSuite_cart/Amazon_TestSuite_cart">
      <properties>
         <property name="deviceName" value=""/>
         <property name="devicePlatform" value=""/>
         <property name="logFolder" value="C:\\Users\\Akash Ghosh\\git\\katlon\\Reports\\20240210_144834\\Amazon_TestSuite_cart\\Amazon_TestSuite_cart\\20240210_144846"/>
         <property name="logFiles" value="C:\\Users\\Akash Ghosh\\git\\katlon\\Reports\\20240210_144834\\Amazon_TestSuite_cart\\Amazon_TestSuite_cart\\20240210_144846\\execution0.log"/>
         <property name="attachments" value=""/>
         <property name="hostName" value="Akash Ghosh - 10.1.161.136"/>
         <property name="os" value="Windows 10 64bit"/>
         <property name="katalonVersion" value="8.6.8.208"/>
         <property name="browser" value="Chrome 121.0.0.0"/>
         <property name="hostAddress" value="10.1.161.136"/>
         <property name="sessionId" value="cb77656e20877a7ef7fb0a97adc514c7"/>
         <property name="seleniumVersion" value="3.141.59"/>
         <property name="proxyInformation" value="ProxyInformation { proxyOption=NO_PROXY, proxyServerType=HTTP, username=, password=********, proxyServerAddress=, proxyServerPort=0, executionList=&quot;&quot;, isApplyToDesiredCapabilities=true }"/>
         <property name="platform" value="Windows 10"/>
      </properties>
      <testcase name="Test Cases/Amazon/TC_shopping_cart" time="24.858" classname="Test Cases/Amazon/TC_shopping_cart" status="PASSED">
         <system-out><![CDATA[2024-02-10 14:48:49 - [TEST_CASE][PASSED] - Test Cases/Amazon/TC_shopping_cart: Test Cases/Amazon/TC_shopping_cart

2024-02-10 14:48:49 - [TEST_STEP][PASSED] - Start listener action : sampleBeforeTestCase: Navigate to 'https://www.amazon.in/' successfully

2024-02-10 14:48:49 - [TEST_STEP][PASSED] - openBrowser(""): Browser is opened with url: ''

2024-02-10 14:48:49 - [MESSAGE][INFO] - Starting 'Chrome' driver

2024-02-10 14:48:49 - [MESSAGE][INFO] - Action delay is set to 0 milliseconds

2024-02-10 14:48:51 - [MESSAGE][PASSED] - Browser is opened with url: ''

2024-02-10 14:48:51 - [TEST_STEP][PASSED] - navigateToUrl("https://www.amazon.in/"): Navigate to 'https://www.amazon.in/' successfully

2024-02-10 14:48:53 - [MESSAGE][PASSED] - Navigate to 'https://www.amazon.in/' successfully

2024-02-10 14:48:53 - [TEST_STEP][PASSED] - Start listener action : sampleBeforeTestCase: Navigate to 'https://www.amazon.in/' successfully

2024-02-10 14:48:53 - [TEST_STEP][PASSED] - openBrowser(""): Browser is opened with url: ''

2024-02-10 14:48:53 - [MESSAGE][WARNING] - A browser is already opened. Closing browser and opening a new one

2024-02-10 14:48:53 - [MESSAGE][INFO] - Starting 'Chrome' driver

2024-02-10 14:48:53 - [MESSAGE][INFO] - Action delay is set to 0 milliseconds

2024-02-10 14:48:55 - [MESSAGE][PASSED] - Browser is opened with url: ''

2024-02-10 14:48:55 - [TEST_STEP][PASSED] - navigateToUrl("https://www.amazon.in/"): Navigate to 'https://www.amazon.in/' successfully

2024-02-10 14:48:56 - [MESSAGE][PASSED] - Navigate to 'https://www.amazon.in/' successfully

2024-02-10 14:48:56 - [TEST_STEP][PASSED] - openBrowser(""): Browser is opened with url: ''

2024-02-10 14:48:56 - [MESSAGE][WARNING] - A browser is already opened. Closing browser and opening a new one

2024-02-10 14:48:57 - [MESSAGE][INFO] - Starting 'Chrome' driver

2024-02-10 14:48:57 - [MESSAGE][INFO] - Action delay is set to 0 milliseconds

2024-02-10 14:48:58 - [MESSAGE][PASSED] - Browser is opened with url: ''

2024-02-10 14:48:58 - [TEST_STEP][PASSED] - navigateToUrl("https://www.amazon.in/"): Navigate to 'https://www.amazon.in/' successfully

2024-02-10 14:49:00 - [MESSAGE][PASSED] - Navigate to 'https://www.amazon.in/' successfully

2024-02-10 14:49:00 - [TEST_STEP][PASSED] - click(findTestObject("Object Repository/Amazon_cart_OR1/Page_Online Shopping site in India Shop Onl_10c5f3/span_Hello, sign in")): Object: 'Object Repository/Amazon_cart_OR1/Page_Online Shopping site in India Shop Onl_10c5f3/span_Hello, sign in' is clicked on

2024-02-10 14:49:02 - [MESSAGE][PASSED] - Object: 'Object Repository/Amazon_cart_OR1/Page_Online Shopping site in India Shop Onl_10c5f3/span_Hello, sign in' is clicked on

2024-02-10 14:49:02 - [TEST_STEP][PASSED] - setText(findTestObject("Object Repository/Amazon_cart_OR1/Page_Amazon Sign In/input_Email or mobile phone number_email"), username): Text '9775827093' is set on object 'Object Repository/Amazon_cart_OR1/Page_Amazon Sign In/input_Email or mobile phone number_email'

2024-02-10 14:49:03 - [MESSAGE][PASSED] - Text '9775827093' is set on object 'Object Repository/Amazon_cart_OR1/Page_Amazon Sign In/input_Email or mobile phone number_email'

2024-02-10 14:49:03 - [TEST_STEP][PASSED] - click(findTestObject("Object Repository/Amazon_cart_OR1/Page_Amazon Sign In/input_Enter your email or mobile phone numb_fc7402")): Object: 'Object Repository/Amazon_cart_OR1/Page_Amazon Sign In/input_Enter your email or mobile phone numb_fc7402' is clicked on

2024-02-10 14:49:05 - [MESSAGE][PASSED] - Object: 'Object Repository/Amazon_cart_OR1/Page_Amazon Sign In/input_Enter your email or mobile phone numb_fc7402' is clicked on

2024-02-10 14:49:05 - [TEST_STEP][PASSED] - setEncryptedText(findTestObject("Object Repository/Amazon_cart_OR1/Page_Amazon Sign In/input_Forgot Password_password"), "jKhJCufa6utDUfafCRSIiw=="): Text ****** has been set on object 'Object Repository/Amazon_cart_OR1/Page_Amazon Sign In/input_Forgot Password_password'

2024-02-10 14:49:06 - [MESSAGE][PASSED] - Text ****** has been set on object 'Object Repository/Amazon_cart_OR1/Page_Amazon Sign In/input_Forgot Password_password'

2024-02-10 14:49:06 - [TEST_STEP][PASSED] - click(findTestObject("Object Repository/Amazon_cart_OR1/Page_Amazon Sign In/input_Enter your password_signInSubmit")): Object: 'Object Repository/Amazon_cart_OR1/Page_Amazon Sign In/input_Enter your password_signInSubmit' is clicked on

2024-02-10 14:49:06 - [MESSAGE][PASSED] - Object: 'Object Repository/Amazon_cart_OR1/Page_Amazon Sign In/input_Enter your password_signInSubmit' is clicked on

2024-02-10 14:49:06 - [TEST_STEP][PASSED] - click(findTestObject("Object Repository/Amazon_cart_OR1/Page_Online Shopping site in India Shop Onl_10c5f3/a_9                                        _5a3c93")): Object: 'Object Repository/Amazon_cart_OR1/Page_Online Shopping site in India Shop Onl_10c5f3/a_9                                        _5a3c93' is clicked on

2024-02-10 14:49:13 - [MESSAGE][PASSED] - Object: 'Object Repository/Amazon_cart_OR1/Page_Online Shopping site in India Shop Onl_10c5f3/a_9                                        _5a3c93' is clicked on

2024-02-10 14:49:13 - [TEST_STEP][PASSED] - closeBrowser(): Browser is closed

2024-02-10 14:49:14 - [MESSAGE][PASSED] - Browser is closed

2024-02-10 14:49:14 - [TEST_STEP][PASSED] - Start listener action : sampleAfterTestCase: Browser is closed

2024-02-10 14:49:14 - [TEST_STEP][PASSED] - closeBrowser(): Browser is closed

2024-02-10 14:49:14 - [MESSAGE][PASSED] - Browser is closed

2024-02-10 14:49:14 - [TEST_STEP][PASSED] - Start listener action : sampleAfterTestCase: Browser is closed

2024-02-10 14:49:14 - [TEST_STEP][PASSED] - closeBrowser(): Browser is closed

2024-02-10 14:49:14 - [MESSAGE][PASSED] - Browser is closed]]></system-out>
         <system-err><![CDATA[]]></system-err>
      </testcase>
      <system-out><![CDATA[2024-02-10 14:48:48 - [TEST_SUITE][PASSED] - Amazon_TestSuite_cart: Test Cases/Amazon/TC_shopping_cart]]></system-out>
      <system-err><![CDATA[]]></system-err>
   </testsuite>
</testsuites>
